c:\users\kal\source\repos\xlltechnical\debug\vc141.pdb
c:\users\kal\source\repos\xlltechnical\debug\xlltick.obj
c:\users\kal\source\repos\xlltechnical\debug\xlltechnical.obj
c:\users\kal\source\repos\xlltechnical\debug\xllrelative_strength.obj
c:\users\kal\source\repos\xlltechnical\debug\xllmoments.obj
c:\users\kal\source\repos\xlltechnical\debug\xllmacd.obj
c:\users\kal\source\repos\xlltechnical\debug\xllewma.obj
c:\users\kal\source\repos\xlltechnical\debug\xllchange.obj
c:\users\kal\source\repos\xlltechnical\debug\xlltrue_range.obj
c:\users\kal\source\repos\xlltechnical\debug\xllreset.obj
c:\users\kal\source\repos\xlltechnical\debug\xllminmax.obj
c:\users\kal\source\repos\xlltechnical\debug\xlllag.obj
c:\users\kal\source\repos\xlltechnical\debug\empty.obj
c:\users\kal\source\repos\xlltechnical\debug\array.obj
c:\users\kal\source\repos\xlltechnical\debug\take.obj
c:\users\kal\source\repos\xlltechnical\debug\index.obj
c:\users\kal\source\repos\xlltechnical\debug\getset.obj
c:\users\kal\source\repos\xlltechnical\debug\drop.obj
c:\users\kal\source\repos\xlltechnical\debug\args.obj
c:\users\kal\source\repos\xlltechnical\debug\xll12.pdb
c:\users\kal\source\repos\xlltechnical\debug\xll12.xml
c:\users\kal\source\repos\xlltechnical\debug\xlltechnical.tlog\cl.command.1.tlog
c:\users\kal\source\repos\xlltechnical\debug\xlltechnical.tlog\cl.read.1.tlog
c:\users\kal\source\repos\xlltechnical\debug\xlltechnical.tlog\cl.write.1.tlog
c:\users\kal\source\repos\xlltechnical\debug\xlltechnical.tlog\link.command.1.tlog
c:\users\kal\source\repos\xlltechnical\debug\xlltechnical.tlog\link.read.1.tlog
c:\users\kal\source\repos\xlltechnical\debug\xlltechnical.tlog\link.write.1.tlog
